[    13.516] (--) Log file renamed from "/home/alumno/.local/share/xorg/Xorg.pid-1665.log" to "/home/alumno/.local/share/xorg/Xorg.0.log"
[    13.517] 
X.Org X Server 1.19.6
Release Date: 2017-12-20
[    13.517] X Protocol Version 11, Revision 0
[    13.517] Build Operating System: Linux 4.4.0-119-generic x86_64 Ubuntu
[    13.517] Current Operating System: Linux profesor-System-Product-Name 4.15.0-70-generic #79-Ubuntu SMP Tue Nov 12 10:36:11 UTC 2019 x86_64
[    13.517] Kernel command line: BOOT_IMAGE=/boot/vmlinuz-4.15.0-70-generic root=UUID=4bdb397b-0c25-4c5c-aeb9-1507130501ae ro quiet splash vt.handoff=1
[    13.517] Build Date: 13 April 2018  08:07:36PM
[    13.517] xorg-server 2:1.19.6-1ubuntu4 (For technical support please see http://www.ubuntu.com/support) 
[    13.517] Current version of pixman: 0.34.0
[    13.517] 	Before reporting problems, check http://wiki.x.org
	to make sure that you have the latest version.
[    13.517] Markers: (--) probed, (**) from config file, (==) default setting,
	(++) from command line, (!!) notice, (II) informational,
	(WW) warning, (EE) error, (NI) not implemented, (??) unknown.
[    13.517] (==) Log file: "/home/alumno/.local/share/xorg/Xorg.0.log", Time: Tue Nov 26 12:20:39 2019
[    13.517] (==) Using system config directory "/usr/share/X11/xorg.conf.d"
[    13.518] (==) No Layout section.  Using the first Screen section.
[    13.518] (==) No screen section available. Using defaults.
[    13.518] (**) |-->Screen "Default Screen Section" (0)
[    13.518] (**) |   |-->Monitor "<default monitor>"
[    13.518] (==) No monitor specified for screen "Default Screen Section".
	Using a default monitor configuration.
[    13.518] (==) Automatically adding devices
[    13.518] (==) Automatically enabling devices
[    13.518] (==) Automatically adding GPU devices
[    13.518] (==) Automatically binding GPU devices
[    13.518] (==) Max clients allowed: 256, resource mask: 0x1fffff
[    13.518] (WW) The directory "/usr/share/fonts/X11/cyrillic" does not exist.
[    13.518] 	Entry deleted from font path.
[    13.518] (WW) The directory "/usr/share/fonts/X11/100dpi/" does not exist.
[    13.518] 	Entry deleted from font path.
[    13.518] (WW) The directory "/usr/share/fonts/X11/75dpi/" does not exist.
[    13.518] 	Entry deleted from font path.
[    13.518] (WW) The directory "/usr/share/fonts/X11/100dpi" does not exist.
[    13.518] 	Entry deleted from font path.
[    13.518] (WW) The directory "/usr/share/fonts/X11/75dpi" does not exist.
[    13.518] 	Entry deleted from font path.
[    13.518] (==) FontPath set to:
	/usr/share/fonts/X11/misc,
	/usr/share/fonts/X11/Type1,
	built-ins
[    13.518] (==) ModulePath set to "/usr/lib/xorg/modules"
[    13.518] (II) The server relies on udev to provide the list of input devices.
	If no devices become available, reconfigure udev or disable AutoAddDevices.
[    13.518] (II) Loader magic: 0x557319cfd020
[    13.518] (II) Module ABI versions:
[    13.518] 	X.Org ANSI C Emulation: 0.4
[    13.518] 	X.Org Video Driver: 23.0
[    13.518] 	X.Org XInput driver : 24.1
[    13.518] 	X.Org Server Extension : 10.0
[    13.519] (++) using VT number 2

[    13.521] (II) systemd-logind: took control of session /org/freedesktop/login1/session/_32
[    13.521] (II) xfree86: Adding drm device (/dev/dri/card0)
[    13.521] (II) systemd-logind: got fd for /dev/dri/card0 226:0 fd 12 paused 0
[    13.523] (--) PCI:*(0:0:2:0) 8086:5912:1043:8694 rev 4, Mem @ 0xf6000000/16777216, 0xe0000000/268435456, I/O @ 0x0000f000/64, BIOS @ 0x????????/131072
[    13.523] (II) LoadModule: "glx"
[    13.523] (II) Loading /usr/lib/xorg/modules/extensions/libglx.so
[    13.524] (II) Module glx: vendor="X.Org Foundation"
[    13.524] 	compiled for 1.19.6, module version = 1.0.0
[    13.524] 	ABI class: X.Org Server Extension, version 10.0
[    13.524] (==) Matched modesetting as autoconfigured driver 0
[    13.524] (==) Matched fbdev as autoconfigured driver 1
[    13.524] (==) Matched vesa as autoconfigured driver 2
[    13.524] (==) Assigned the driver to the xf86ConfigLayout
[    13.524] (II) LoadModule: "modesetting"
[    13.524] (II) Loading /usr/lib/xorg/modules/drivers/modesetting_drv.so
[    13.524] (II) Module modesetting: vendor="X.Org Foundation"
[    13.524] 	compiled for 1.19.6, module version = 1.19.6
[    13.524] 	Module class: X.Org Video Driver
[    13.524] 	ABI class: X.Org Video Driver, version 23.0
[    13.524] (II) LoadModule: "fbdev"
[    13.524] (II) Loading /usr/lib/xorg/modules/drivers/fbdev_drv.so
[    13.524] (II) Module fbdev: vendor="X.Org Foundation"
[    13.524] 	compiled for 1.19.3, module version = 0.4.4
[    13.524] 	Module class: X.Org Video Driver
[    13.524] 	ABI class: X.Org Video Driver, version 23.0
[    13.524] (II) LoadModule: "vesa"
[    13.524] (II) Loading /usr/lib/xorg/modules/drivers/vesa_drv.so
[    13.524] (II) Module vesa: vendor="X.Org Foundation"
[    13.524] 	compiled for 1.19.3, module version = 2.3.4
[    13.524] 	Module class: X.Org Video Driver
[    13.524] 	ABI class: X.Org Video Driver, version 23.0
[    13.524] (II) modesetting: Driver for Modesetting Kernel Drivers: kms
[    13.525] (II) FBDEV: driver for framebuffer: fbdev
[    13.525] (II) VESA: driver for VESA chipsets: vesa
[    13.525] xf86EnableIOPorts: failed to set IOPL for I/O (Operation not permitted)
[    13.525] (II) modeset(0): using drv /dev/dri/card0
[    13.525] (WW) Falling back to old probe method for fbdev
[    13.525] (II) Loading sub module "fbdevhw"
[    13.525] (II) LoadModule: "fbdevhw"
[    13.525] (II) Loading /usr/lib/xorg/modules/libfbdevhw.so
[    13.525] (II) Module fbdevhw: vendor="X.Org Foundation"
[    13.525] 	compiled for 1.19.6, module version = 0.0.2
[    13.525] 	ABI class: X.Org Video Driver, version 23.0
[    13.525] (EE) open /dev/fb0: Permission denied
[    13.525] (WW) Falling back to old probe method for vesa
[    13.525] (WW) VGA arbiter: cannot open kernel arbiter, no multi-card support
[    13.525] (II) modeset(0): Creating default Display subsection in Screen section
	"Default Screen Section" for depth/fbbpp 24/32
[    13.525] (==) modeset(0): Depth 24, (==) framebuffer bpp 32
[    13.525] (==) modeset(0): RGB weight 888
[    13.525] (==) modeset(0): Default visual is TrueColor
[    13.525] (II) Loading sub module "glamoregl"
[    13.525] (II) LoadModule: "glamoregl"
[    13.525] (II) Loading /usr/lib/xorg/modules/libglamoregl.so
[    13.527] (II) Module glamoregl: vendor="X.Org Foundation"
[    13.527] 	compiled for 1.19.6, module version = 1.0.0
[    13.527] 	ABI class: X.Org ANSI C Emulation, version 0.4
[    13.527] (II) glamor: OpenGL accelerated X.org driver based.
[    13.535] (II) glamor: EGL version 1.4 (DRI2):
[    13.537] (II) modeset(0): glamor initialized
[    13.548] (II) modeset(0): Output HDMI-1 has no monitor section
[    13.553] (II) modeset(0): Output DP-1 has no monitor section
[    13.564] (II) modeset(0): EDID for output HDMI-1
[    13.570] (II) modeset(0): EDID for output DP-1
[    13.570] (II) modeset(0): Printing probed modes for output DP-1
[    13.570] (II) modeset(0): Modeline "1024x768"x60.0   65.00  1024 1048 1184 1344  768 771 777 806 -hsync -vsync (48.4 kHz e)
[    13.570] (II) modeset(0): Modeline "800x600"x60.3   40.00  800 840 968 1056  600 601 605 628 +hsync +vsync (37.9 kHz e)
[    13.570] (II) modeset(0): Modeline "800x600"x56.2   36.00  800 824 896 1024  600 601 603 625 +hsync +vsync (35.2 kHz e)
[    13.570] (II) modeset(0): Modeline "848x480"x60.0   33.75  848 864 976 1088  480 486 494 517 +hsync +vsync (31.0 kHz e)
[    13.570] (II) modeset(0): Modeline "640x480"x59.9   25.18  640 656 752 800  480 490 492 525 -hsync -vsync (31.5 kHz e)
[    13.570] (II) modeset(0): Output HDMI-1 disconnected
[    13.570] (II) modeset(0): Output DP-1 connected
[    13.570] (II) modeset(0): Using exact sizes for initial modes
[    13.570] (II) modeset(0): Output DP-1 using initial mode 1024x768 +0+0
[    13.570] (==) modeset(0): Using gamma correction (1.0, 1.0, 1.0)
[    13.570] (==) modeset(0): DPI set to (96, 96)
[    13.570] (II) Loading sub module "fb"
[    13.570] (II) LoadModule: "fb"
[    13.571] (II) Loading /usr/lib/xorg/modules/libfb.so
[    13.571] (II) Module fb: vendor="X.Org Foundation"
[    13.571] 	compiled for 1.19.6, module version = 1.0.0
[    13.571] 	ABI class: X.Org ANSI C Emulation, version 0.4
[    13.571] (II) UnloadModule: "fbdev"
[    13.571] (II) Unloading fbdev
[    13.571] (II) UnloadSubModule: "fbdevhw"
[    13.571] (II) Unloading fbdevhw
[    13.571] (II) UnloadModule: "vesa"
[    13.571] (II) Unloading vesa
[    13.571] (==) Depth 24 pixmap format is 32 bpp
[    13.642] (==) modeset(0): Backing store enabled
[    13.642] (==) modeset(0): Silken mouse enabled
[    13.642] (II) modeset(0): RandR 1.2 enabled, ignore the following RandR disabled message.
[    13.683] (==) modeset(0): DPMS enabled
[    13.683] (II) modeset(0): [DRI2] Setup complete
[    13.683] (II) modeset(0): [DRI2]   DRI driver: i965
[    13.683] (II) modeset(0): [DRI2]   VDPAU driver: i965
[    13.683] (--) RandR disabled
[    13.691] (II) SELinux: Disabled on system
[    13.706] (II) AIGLX: enabled GLX_MESA_copy_sub_buffer
[    13.706] (II) AIGLX: enabled GLX_ARB_create_context
[    13.706] (II) AIGLX: enabled GLX_ARB_create_context_profile
[    13.706] (II) AIGLX: enabled GLX_EXT_create_context_es{,2}_profile
[    13.706] (II) AIGLX: enabled GLX_INTEL_swap_event
[    13.706] (II) AIGLX: enabled GLX_SGI_swap_control
[    13.706] (II) AIGLX: enabled GLX_EXT_framebuffer_sRGB
[    13.706] (II) AIGLX: enabled GLX_ARB_fbconfig_float
[    13.706] (II) AIGLX: enabled GLX_EXT_fbconfig_packed_float
[    13.706] (II) AIGLX: GLX_EXT_texture_from_pixmap backed by buffer objects
[    13.706] (II) AIGLX: enabled GLX_ARB_create_context_robustness
[    13.707] (II) AIGLX: Loaded and initialized i965
[    13.707] (II) GLX: Initialized DRI2 GL provider for screen 0
[    13.713] (II) modeset(0): Damage tracking initialized
[    13.713] (II) modeset(0): Setting screen physical size to 270 x 203
[    13.746] (II) config/udev: Adding input device Power Button (/dev/input/event2)
[    13.746] (**) Power Button: Applying InputClass "libinput keyboard catchall"
[    13.746] (II) LoadModule: "libinput"
[    13.746] (II) Loading /usr/lib/xorg/modules/input/libinput_drv.so
[    13.747] (II) Module libinput: vendor="X.Org Foundation"
[    13.747] 	compiled for 1.19.6, module version = 0.27.1
[    13.747] 	Module class: X.Org XInput Driver
[    13.747] 	ABI class: X.Org XInput driver, version 24.1
[    13.747] (II) Using input driver 'libinput' for 'Power Button'
[    13.748] (II) systemd-logind: got fd for /dev/input/event2 13:66 fd 21 paused 0
[    13.748] (**) Power Button: always reports core events
[    13.748] (**) Option "Device" "/dev/input/event2"
[    13.748] (**) Option "_source" "server/udev"
[    13.748] (II) event2  - Power Button: is tagged by udev as: Keyboard
[    13.748] (II) event2  - Power Button: device is a keyboard
[    13.748] (II) event2  - Power Button: device removed
[    13.748] (**) Option "config_info" "udev:/sys/devices/LNXSYSTM:00/LNXPWRBN:00/input/input2/event2"
[    13.748] (II) XINPUT: Adding extended input device "Power Button" (type: KEYBOARD, id 6)
[    13.748] (**) Option "xkb_model" "pc105"
[    13.748] (**) Option "xkb_layout" "es"
[    13.759] (II) event2  - Power Button: is tagged by udev as: Keyboard
[    13.759] (II) event2  - Power Button: device is a keyboard
[    13.759] (II) config/udev: Adding input device Video Bus (/dev/input/event3)
[    13.759] (**) Video Bus: Applying InputClass "libinput keyboard catchall"
[    13.759] (II) Using input driver 'libinput' for 'Video Bus'
[    13.760] (II) systemd-logind: got fd for /dev/input/event3 13:67 fd 24 paused 0
[    13.760] (**) Video Bus: always reports core events
[    13.760] (**) Option "Device" "/dev/input/event3"
[    13.760] (**) Option "_source" "server/udev"
[    13.760] (II) event3  - Video Bus: is tagged by udev as: Keyboard
[    13.760] (II) event3  - Video Bus: device is a keyboard
[    13.760] (II) event3  - Video Bus: device removed
[    13.760] (**) Option "config_info" "udev:/sys/devices/LNXSYSTM:00/LNXSYBUS:00/PNP0A08:00/LNXVIDEO:00/input/input3/event3"
[    13.760] (II) XINPUT: Adding extended input device "Video Bus" (type: KEYBOARD, id 7)
[    13.760] (**) Option "xkb_model" "pc105"
[    13.760] (**) Option "xkb_layout" "es"
[    13.761] (II) event3  - Video Bus: is tagged by udev as: Keyboard
[    13.761] (II) event3  - Video Bus: device is a keyboard
[    13.761] (II) config/udev: Adding input device Power Button (/dev/input/event1)
[    13.761] (**) Power Button: Applying InputClass "libinput keyboard catchall"
[    13.761] (II) Using input driver 'libinput' for 'Power Button'
[    13.762] (II) systemd-logind: got fd for /dev/input/event1 13:65 fd 25 paused 0
[    13.762] (**) Power Button: always reports core events
[    13.762] (**) Option "Device" "/dev/input/event1"
[    13.762] (**) Option "_source" "server/udev"
[    13.762] (II) event1  - Power Button: is tagged by udev as: Keyboard
[    13.762] (II) event1  - Power Button: device is a keyboard
[    13.762] (II) event1  - Power Button: device removed
[    13.762] (**) Option "config_info" "udev:/sys/devices/LNXSYSTM:00/LNXSYBUS:00/PNP0C0C:00/input/input1/event1"
[    13.762] (II) XINPUT: Adding extended input device "Power Button" (type: KEYBOARD, id 8)
[    13.762] (**) Option "xkb_model" "pc105"
[    13.762] (**) Option "xkb_layout" "es"
[    13.762] (II) event1  - Power Button: is tagged by udev as: Keyboard
[    13.762] (II) event1  - Power Button: device is a keyboard
[    13.763] (II) config/udev: Adding input device Sleep Button (/dev/input/event0)
[    13.763] (**) Sleep Button: Applying InputClass "libinput keyboard catchall"
[    13.763] (II) Using input driver 'libinput' for 'Sleep Button'
[    13.763] (II) systemd-logind: got fd for /dev/input/event0 13:64 fd 26 paused 0
[    13.763] (**) Sleep Button: always reports core events
[    13.763] (**) Option "Device" "/dev/input/event0"
[    13.763] (**) Option "_source" "server/udev"
[    13.763] (II) event0  - Sleep Button: is tagged by udev as: Keyboard
[    13.764] (II) event0  - Sleep Button: device is a keyboard
[    13.764] (II) event0  - Sleep Button: device removed
[    13.764] (**) Option "config_info" "udev:/sys/devices/LNXSYSTM:00/LNXSYBUS:00/PNP0C0E:00/input/input0/event0"
[    13.764] (II) XINPUT: Adding extended input device "Sleep Button" (type: KEYBOARD, id 9)
[    13.764] (**) Option "xkb_model" "pc105"
[    13.764] (**) Option "xkb_layout" "es"
[    13.764] (II) event0  - Sleep Button: is tagged by udev as: Keyboard
[    13.764] (II) event0  - Sleep Button: device is a keyboard
[    13.765] (II) config/udev: Adding input device   USB Keyboard (/dev/input/event4)
[    13.765] (**)   USB Keyboard: Applying InputClass "libinput keyboard catchall"
[    13.765] (II) Using input driver 'libinput' for '  USB Keyboard'
[    13.765] (II) systemd-logind: got fd for /dev/input/event4 13:68 fd 27 paused 0
[    13.765] (**)   USB Keyboard: always reports core events
[    13.765] (**) Option "Device" "/dev/input/event4"
[    13.765] (**) Option "_source" "server/udev"
[    13.766] (II) event4  -   USB Keyboard: is tagged by udev as: Keyboard
[    13.766] (II) event4  -   USB Keyboard: device is a keyboard
[    13.766] (II) event4  -   USB Keyboard: device removed
[    13.766] (**) Option "config_info" "udev:/sys/devices/pci0000:00/0000:00:14.0/usb1/1-3/1-3:1.0/0003:04D9:1702.0001/input/input4/event4"
[    13.766] (II) XINPUT: Adding extended input device "  USB Keyboard" (type: KEYBOARD, id 10)
[    13.766] (**) Option "xkb_model" "pc105"
[    13.766] (**) Option "xkb_layout" "es"
[    13.766] (II) event4  -   USB Keyboard: is tagged by udev as: Keyboard
[    13.766] (II) event4  -   USB Keyboard: device is a keyboard
[    13.767] (II) config/udev: Adding input device   USB Keyboard (/dev/input/event5)
[    13.767] (**)   USB Keyboard: Applying InputClass "libinput keyboard catchall"
[    13.767] (II) Using input driver 'libinput' for '  USB Keyboard'
[    13.767] (II) systemd-logind: got fd for /dev/input/event5 13:69 fd 28 paused 0
[    13.767] (**)   USB Keyboard: always reports core events
[    13.767] (**) Option "Device" "/dev/input/event5"
[    13.767] (**) Option "_source" "server/udev"
[    13.768] (II) event5  -   USB Keyboard: is tagged by udev as: Keyboard
[    13.768] (II) event5  -   USB Keyboard: device is a keyboard
[    13.768] (II) event5  -   USB Keyboard: device removed
[    13.768] (**) Option "config_info" "udev:/sys/devices/pci0000:00/0000:00:14.0/usb1/1-3/1-3:1.1/0003:04D9:1702.0002/input/input5/event5"
[    13.768] (II) XINPUT: Adding extended input device "  USB Keyboard" (type: KEYBOARD, id 11)
[    13.768] (**) Option "xkb_model" "pc105"
[    13.768] (**) Option "xkb_layout" "es"
[    13.768] (II) event5  -   USB Keyboard: is tagged by udev as: Keyboard
[    13.768] (II) event5  -   USB Keyboard: device is a keyboard
[    13.769] (II) config/udev: Adding input device SIGMACHIP Usb Mouse (/dev/input/event6)
[    13.769] (**) SIGMACHIP Usb Mouse: Applying InputClass "libinput pointer catchall"
[    13.769] (II) Using input driver 'libinput' for 'SIGMACHIP Usb Mouse'
[    13.828] (II) systemd-logind: got fd for /dev/input/event6 13:70 fd 29 paused 0
[    13.828] (**) SIGMACHIP Usb Mouse: always reports core events
[    13.828] (**) Option "Device" "/dev/input/event6"
[    13.828] (**) Option "_source" "server/udev"
[    13.830] (II) event6  - SIGMACHIP Usb Mouse: is tagged by udev as: Mouse
[    13.830] (II) event6  - SIGMACHIP Usb Mouse: device is a pointer
[    13.830] (II) event6  - SIGMACHIP Usb Mouse: device removed
[    13.830] (**) Option "config_info" "udev:/sys/devices/pci0000:00/0000:00:14.0/usb1/1-4/1-4:1.0/0003:1A2C:0044.0003/input/input6/event6"
[    13.830] (II) XINPUT: Adding extended input device "SIGMACHIP Usb Mouse" (type: MOUSE, id 12)
[    13.831] (**) Option "AccelerationScheme" "none"
[    13.831] (**) SIGMACHIP Usb Mouse: (accel) selected scheme none/0
[    13.831] (**) SIGMACHIP Usb Mouse: (accel) acceleration factor: 2.000
[    13.831] (**) SIGMACHIP Usb Mouse: (accel) acceleration threshold: 4
[    13.832] (II) event6  - SIGMACHIP Usb Mouse: is tagged by udev as: Mouse
[    13.832] (II) event6  - SIGMACHIP Usb Mouse: device is a pointer
[    13.834] (II) config/udev: Adding input device SIGMACHIP Usb Mouse (/dev/input/mouse0)
[    13.834] (II) No input driver specified, ignoring this device.
[    13.834] (II) This device may have been added with another device file.
[    13.835] (II) config/udev: Adding input device HDA Intel PCH Line (/dev/input/event10)
[    13.835] (II) No input driver specified, ignoring this device.
[    13.835] (II) This device may have been added with another device file.
[    13.836] (II) config/udev: Adding input device HDA Intel PCH Line Out (/dev/input/event11)
[    13.836] (II) No input driver specified, ignoring this device.
[    13.836] (II) This device may have been added with another device file.
[    13.837] (II) config/udev: Adding input device HDA Intel PCH Front Headphone (/dev/input/event12)
[    13.837] (II) No input driver specified, ignoring this device.
[    13.837] (II) This device may have been added with another device file.
[    13.837] (II) config/udev: Adding input device HDA Intel PCH HDMI/DP,pcm=3 (/dev/input/event13)
[    13.838] (II) No input driver specified, ignoring this device.
[    13.838] (II) This device may have been added with another device file.
[    13.838] (II) config/udev: Adding input device HDA Intel PCH HDMI/DP,pcm=7 (/dev/input/event14)
[    13.838] (II) No input driver specified, ignoring this device.
[    13.838] (II) This device may have been added with another device file.
[    13.839] (II) config/udev: Adding input device HDA Intel PCH HDMI/DP,pcm=8 (/dev/input/event15)
[    13.839] (II) No input driver specified, ignoring this device.
[    13.839] (II) This device may have been added with another device file.
[    13.840] (II) config/udev: Adding input device HDA Intel PCH Front Mic (/dev/input/event8)
[    13.840] (II) No input driver specified, ignoring this device.
[    13.840] (II) This device may have been added with another device file.
[    13.841] (II) config/udev: Adding input device HDA Intel PCH Rear Mic (/dev/input/event9)
[    13.841] (II) No input driver specified, ignoring this device.
[    13.841] (II) This device may have been added with another device file.
[    13.842] (II) config/udev: Adding input device Eee PC WMI hotkeys (/dev/input/event7)
[    13.842] (**) Eee PC WMI hotkeys: Applying InputClass "libinput keyboard catchall"
[    13.842] (II) Using input driver 'libinput' for 'Eee PC WMI hotkeys'
[    13.844] (II) systemd-logind: got fd for /dev/input/event7 13:71 fd 30 paused 0
[    13.844] (**) Eee PC WMI hotkeys: always reports core events
[    13.844] (**) Option "Device" "/dev/input/event7"
[    13.844] (**) Option "_source" "server/udev"
[    13.845] (II) event7  - Eee PC WMI hotkeys: is tagged by udev as: Keyboard
[    13.845] (II) event7  - Eee PC WMI hotkeys: device is a keyboard
[    13.845] (II) event7  - Eee PC WMI hotkeys: device removed
[    13.845] (**) Option "config_info" "udev:/sys/devices/platform/eeepc-wmi/input/input7/event7"
[    13.845] (II) XINPUT: Adding extended input device "Eee PC WMI hotkeys" (type: KEYBOARD, id 13)
[    13.845] (**) Option "xkb_model" "pc105"
[    13.845] (**) Option "xkb_layout" "es"
[    13.847] (II) event7  - Eee PC WMI hotkeys: is tagged by udev as: Keyboard
[    13.847] (II) event7  - Eee PC WMI hotkeys: device is a keyboard
